[2020-12-07 16:51:13] lumen.ERROR: ErrorException: Trying to access array offset on value of type null in /Users/songyongqiang/works/php/demo/backend-api-skeleton/vendor/illuminate/support/ServiceProvider.php:84
Stack trace:
#0 /Users/songyongqiang/works/php/demo/backend-api-skeleton/vendor/illuminate/support/ServiceProvider.php(84): Laravel\Lumen\Application->Laravel\Lumen\Concerns\{closure}(2, 'Trying to acces...', '/Users/songyong...', 84)
#1 /Users/songyongqiang/works/php/demo/backend-api-skeleton/vendor/illuminate/pagination/PaginationServiceProvider.php(16): Illuminate\Support\ServiceProvider->loadViewsFrom('/Users/songyong...', 'pagination')
#2 [internal function]: Illuminate\Pagination\PaginationServiceProvider->boot()
#3 /Users/songyongqiang/works/php/demo/backend-api-skeleton/vendor/illuminate/container/BoundMethod.php(29): call_user_func_array(Array, Array)
#4 /Users/songyongqiang/works/php/demo/backend-api-skeleton/vendor/illuminate/container/BoundMethod.php(87): Illuminate\Container\BoundMethod::Illuminate\Container\{closure}()
#5 /Users/songyongqiang/works/php/demo/backend-api-skeleton/vendor/illuminate/container/BoundMethod.php(31): Illuminate\Container\BoundMethod::callBoundMethod(Object(Laravel\Lumen\Application), Array, Object(Closure))
#6 /Users/songyongqiang/works/php/demo/backend-api-skeleton/vendor/illuminate/container/Container.php(549): Illuminate\Container\BoundMethod::call(Object(Laravel\Lumen\Application), Array, Array, NULL)
#7 /Users/songyongqiang/works/php/demo/backend-api-skeleton/vendor/laravel/lumen-framework/src/Application.php(197): Illuminate\Container\Container->call(Array)
#8 /Users/songyongqiang/works/php/demo/backend-api-skeleton/vendor/laravel/lumen-framework/src/Application.php(586): Laravel\Lumen\Application->register(Object(Illuminate\Pagination\PaginationServiceProvider))
#9 /Users/songyongqiang/works/php/demo/backend-api-skeleton/vendor/laravel/lumen-framework/src/Application.php(334): Laravel\Lumen\Application->loadComponent('database', Array, 'db')
#10 /Users/songyongqiang/works/php/demo/backend-api-skeleton/vendor/illuminate/container/Container.php(749): Laravel\Lumen\Application->Laravel\Lumen\{closure}(Object(Laravel\Lumen\Application), Array)
#11 /Users/songyongqiang/works/php/demo/backend-api-skeleton/vendor/illuminate/container/Container.php(631): Illuminate\Container\Container->build(Object(Closure))
#12 /Users/songyongqiang/works/php/demo/backend-api-skeleton/vendor/illuminate/container/Container.php(586): Illuminate\Container\Container->resolve('db', Array)
#13 /Users/songyongqiang/works/php/demo/backend-api-skeleton/vendor/laravel/lumen-framework/src/Application.php(230): Illuminate\Container\Container->make('db', Array)
#14 /Users/songyongqiang/works/php/demo/backend-api-skeleton/vendor/laravel/lumen-framework/src/Application.php(698): Laravel\Lumen\Application->make('db')
#15 /Users/songyongqiang/works/php/demo/backend-api-skeleton/bootstrap/app.php(36): Laravel\Lumen\Application->withEloquent()
#16 /Users/songyongqiang/works/php/demo/backend-api-skeleton/artisan(18): require('/Users/songyong...')
#17 {main}  
[2020-12-07 17:16:03] lumen.ERROR: ErrorException: Trying to access array offset on value of type null in /Users/songyongqiang/works/php/demo/backend-api-skeleton/vendor/illuminate/support/ServiceProvider.php:84
Stack trace:
#0 /Users/songyongqiang/works/php/demo/backend-api-skeleton/vendor/illuminate/support/ServiceProvider.php(84): Laravel\Lumen\Application->Laravel\Lumen\Concerns\{closure}(2, 'Trying to acces...', '/Users/songyong...', 84)
#1 /Users/songyongqiang/works/php/demo/backend-api-skeleton/vendor/illuminate/pagination/PaginationServiceProvider.php(16): Illuminate\Support\ServiceProvider->loadViewsFrom('/Users/songyong...', 'pagination')
#2 [internal function]: Illuminate\Pagination\PaginationServiceProvider->boot()
#3 /Users/songyongqiang/works/php/demo/backend-api-skeleton/vendor/illuminate/container/BoundMethod.php(29): call_user_func_array(Array, Array)
#4 /Users/songyongqiang/works/php/demo/backend-api-skeleton/vendor/illuminate/container/BoundMethod.php(87): Illuminate\Container\BoundMethod::Illuminate\Container\{closure}()
#5 /Users/songyongqiang/works/php/demo/backend-api-skeleton/vendor/illuminate/container/BoundMethod.php(31): Illuminate\Container\BoundMethod::callBoundMethod(Object(Laravel\Lumen\Application), Array, Object(Closure))
#6 /Users/songyongqiang/works/php/demo/backend-api-skeleton/vendor/illuminate/container/Container.php(549): Illuminate\Container\BoundMethod::call(Object(Laravel\Lumen\Application), Array, Array, NULL)
#7 /Users/songyongqiang/works/php/demo/backend-api-skeleton/vendor/laravel/lumen-framework/src/Application.php(197): Illuminate\Container\Container->call(Array)
#8 /Users/songyongqiang/works/php/demo/backend-api-skeleton/vendor/laravel/lumen-framework/src/Application.php(586): Laravel\Lumen\Application->register(Object(Illuminate\Pagination\PaginationServiceProvider))
#9 /Users/songyongqiang/works/php/demo/backend-api-skeleton/vendor/laravel/lumen-framework/src/Application.php(334): Laravel\Lumen\Application->loadComponent('database', Array, 'db')
#10 /Users/songyongqiang/works/php/demo/backend-api-skeleton/vendor/illuminate/container/Container.php(749): Laravel\Lumen\Application->Laravel\Lumen\{closure}(Object(Laravel\Lumen\Application), Array)
#11 /Users/songyongqiang/works/php/demo/backend-api-skeleton/vendor/illuminate/container/Container.php(631): Illuminate\Container\Container->build(Object(Closure))
#12 /Users/songyongqiang/works/php/demo/backend-api-skeleton/vendor/illuminate/container/Container.php(586): Illuminate\Container\Container->resolve('db', Array)
#13 /Users/songyongqiang/works/php/demo/backend-api-skeleton/vendor/laravel/lumen-framework/src/Application.php(230): Illuminate\Container\Container->make('db', Array)
#14 /Users/songyongqiang/works/php/demo/backend-api-skeleton/vendor/laravel/lumen-framework/src/Application.php(698): Laravel\Lumen\Application->make('db')
#15 /Users/songyongqiang/works/php/demo/backend-api-skeleton/bootstrap/app.php(36): Laravel\Lumen\Application->withEloquent()
#16 /Users/songyongqiang/works/php/demo/backend-api-skeleton/artisan(18): require('/Users/songyong...')
#17 {main}  
[2020-12-07 17:16:25] lumen.ERROR: ErrorException: Trying to access array offset on value of type null in /Users/songyongqiang/works/php/demo/backend-api-skeleton/vendor/illuminate/support/ServiceProvider.php:84
Stack trace:
#0 /Users/songyongqiang/works/php/demo/backend-api-skeleton/vendor/illuminate/support/ServiceProvider.php(84): Laravel\Lumen\Application->Laravel\Lumen\Concerns\{closure}(2, 'Trying to acces...', '/Users/songyong...', 84)
#1 /Users/songyongqiang/works/php/demo/backend-api-skeleton/vendor/illuminate/pagination/PaginationServiceProvider.php(16): Illuminate\Support\ServiceProvider->loadViewsFrom('/Users/songyong...', 'pagination')
#2 [internal function]: Illuminate\Pagination\PaginationServiceProvider->boot()
#3 /Users/songyongqiang/works/php/demo/backend-api-skeleton/vendor/illuminate/container/BoundMethod.php(29): call_user_func_array(Array, Array)
#4 /Users/songyongqiang/works/php/demo/backend-api-skeleton/vendor/illuminate/container/BoundMethod.php(87): Illuminate\Container\BoundMethod::Illuminate\Container\{closure}()
#5 /Users/songyongqiang/works/php/demo/backend-api-skeleton/vendor/illuminate/container/BoundMethod.php(31): Illuminate\Container\BoundMethod::callBoundMethod(Object(Laravel\Lumen\Application), Array, Object(Closure))
#6 /Users/songyongqiang/works/php/demo/backend-api-skeleton/vendor/illuminate/container/Container.php(549): Illuminate\Container\BoundMethod::call(Object(Laravel\Lumen\Application), Array, Array, NULL)
#7 /Users/songyongqiang/works/php/demo/backend-api-skeleton/vendor/laravel/lumen-framework/src/Application.php(197): Illuminate\Container\Container->call(Array)
#8 /Users/songyongqiang/works/php/demo/backend-api-skeleton/vendor/laravel/lumen-framework/src/Application.php(586): Laravel\Lumen\Application->register(Object(Illuminate\Pagination\PaginationServiceProvider))
#9 /Users/songyongqiang/works/php/demo/backend-api-skeleton/vendor/laravel/lumen-framework/src/Application.php(334): Laravel\Lumen\Application->loadComponent('database', Array, 'db')
#10 /Users/songyongqiang/works/php/demo/backend-api-skeleton/vendor/illuminate/container/Container.php(749): Laravel\Lumen\Application->Laravel\Lumen\{closure}(Object(Laravel\Lumen\Application), Array)
#11 /Users/songyongqiang/works/php/demo/backend-api-skeleton/vendor/illuminate/container/Container.php(631): Illuminate\Container\Container->build(Object(Closure))
#12 /Users/songyongqiang/works/php/demo/backend-api-skeleton/vendor/illuminate/container/Container.php(586): Illuminate\Container\Container->resolve('db', Array)
#13 /Users/songyongqiang/works/php/demo/backend-api-skeleton/vendor/laravel/lumen-framework/src/Application.php(230): Illuminate\Container\Container->make('db', Array)
#14 /Users/songyongqiang/works/php/demo/backend-api-skeleton/vendor/laravel/lumen-framework/src/Application.php(698): Laravel\Lumen\Application->make('db')
#15 /Users/songyongqiang/works/php/demo/backend-api-skeleton/bootstrap/app.php(36): Laravel\Lumen\Application->withEloquent()
#16 /Users/songyongqiang/works/php/demo/backend-api-skeleton/artisan(18): require('/Users/songyong...')
#17 {main}  
[2020-12-07 17:17:46] lumen.ERROR: ErrorException: Trying to access array offset on value of type null in /Users/songyongqiang/works/php/demo/backend-api-skeleton/vendor/illuminate/support/ServiceProvider.php:84
Stack trace:
#0 /Users/songyongqiang/works/php/demo/backend-api-skeleton/vendor/illuminate/support/ServiceProvider.php(84): Laravel\Lumen\Application->Laravel\Lumen\Concerns\{closure}(2, 'Trying to acces...', '/Users/songyong...', 84)
#1 /Users/songyongqiang/works/php/demo/backend-api-skeleton/vendor/illuminate/pagination/PaginationServiceProvider.php(16): Illuminate\Support\ServiceProvider->loadViewsFrom('/Users/songyong...', 'pagination')
#2 [internal function]: Illuminate\Pagination\PaginationServiceProvider->boot()
#3 /Users/songyongqiang/works/php/demo/backend-api-skeleton/vendor/illuminate/container/BoundMethod.php(29): call_user_func_array(Array, Array)
#4 /Users/songyongqiang/works/php/demo/backend-api-skeleton/vendor/illuminate/container/BoundMethod.php(87): Illuminate\Container\BoundMethod::Illuminate\Container\{closure}()
#5 /Users/songyongqiang/works/php/demo/backend-api-skeleton/vendor/illuminate/container/BoundMethod.php(31): Illuminate\Container\BoundMethod::callBoundMethod(Object(Laravel\Lumen\Application), Array, Object(Closure))
#6 /Users/songyongqiang/works/php/demo/backend-api-skeleton/vendor/illuminate/container/Container.php(549): Illuminate\Container\BoundMethod::call(Object(Laravel\Lumen\Application), Array, Array, NULL)
#7 /Users/songyongqiang/works/php/demo/backend-api-skeleton/vendor/laravel/lumen-framework/src/Application.php(197): Illuminate\Container\Container->call(Array)
#8 /Users/songyongqiang/works/php/demo/backend-api-skeleton/vendor/laravel/lumen-framework/src/Application.php(586): Laravel\Lumen\Application->register(Object(Illuminate\Pagination\PaginationServiceProvider))
#9 /Users/songyongqiang/works/php/demo/backend-api-skeleton/vendor/laravel/lumen-framework/src/Application.php(334): Laravel\Lumen\Application->loadComponent('database', Array, 'db')
#10 /Users/songyongqiang/works/php/demo/backend-api-skeleton/vendor/illuminate/container/Container.php(749): Laravel\Lumen\Application->Laravel\Lumen\{closure}(Object(Laravel\Lumen\Application), Array)
#11 /Users/songyongqiang/works/php/demo/backend-api-skeleton/vendor/illuminate/container/Container.php(631): Illuminate\Container\Container->build(Object(Closure))
#12 /Users/songyongqiang/works/php/demo/backend-api-skeleton/vendor/illuminate/container/Container.php(586): Illuminate\Container\Container->resolve('db', Array)
#13 /Users/songyongqiang/works/php/demo/backend-api-skeleton/vendor/laravel/lumen-framework/src/Application.php(230): Illuminate\Container\Container->make('db', Array)
#14 /Users/songyongqiang/works/php/demo/backend-api-skeleton/vendor/laravel/lumen-framework/src/Application.php(698): Laravel\Lumen\Application->make('db')
#15 /Users/songyongqiang/works/php/demo/backend-api-skeleton/bootstrap/app.php(36): Laravel\Lumen\Application->withEloquent()
#16 /Users/songyongqiang/works/php/demo/backend-api-skeleton/artisan(18): require('/Users/songyong...')
#17 {main}  
[2020-12-07 17:17:49] lumen.ERROR: ErrorException: Trying to access array offset on value of type null in /Users/songyongqiang/works/php/demo/backend-api-skeleton/vendor/illuminate/support/ServiceProvider.php:84
Stack trace:
#0 /Users/songyongqiang/works/php/demo/backend-api-skeleton/vendor/illuminate/support/ServiceProvider.php(84): Laravel\Lumen\Application->Laravel\Lumen\Concerns\{closure}(2, 'Trying to acces...', '/Users/songyong...', 84)
#1 /Users/songyongqiang/works/php/demo/backend-api-skeleton/vendor/illuminate/pagination/PaginationServiceProvider.php(16): Illuminate\Support\ServiceProvider->loadViewsFrom('/Users/songyong...', 'pagination')
#2 [internal function]: Illuminate\Pagination\PaginationServiceProvider->boot()
#3 /Users/songyongqiang/works/php/demo/backend-api-skeleton/vendor/illuminate/container/BoundMethod.php(29): call_user_func_array(Array, Array)
#4 /Users/songyongqiang/works/php/demo/backend-api-skeleton/vendor/illuminate/container/BoundMethod.php(87): Illuminate\Container\BoundMethod::Illuminate\Container\{closure}()
#5 /Users/songyongqiang/works/php/demo/backend-api-skeleton/vendor/illuminate/container/BoundMethod.php(31): Illuminate\Container\BoundMethod::callBoundMethod(Object(Laravel\Lumen\Application), Array, Object(Closure))
#6 /Users/songyongqiang/works/php/demo/backend-api-skeleton/vendor/illuminate/container/Container.php(549): Illuminate\Container\BoundMethod::call(Object(Laravel\Lumen\Application), Array, Array, NULL)
#7 /Users/songyongqiang/works/php/demo/backend-api-skeleton/vendor/laravel/lumen-framework/src/Application.php(197): Illuminate\Container\Container->call(Array)
#8 /Users/songyongqiang/works/php/demo/backend-api-skeleton/vendor/laravel/lumen-framework/src/Application.php(586): Laravel\Lumen\Application->register(Object(Illuminate\Pagination\PaginationServiceProvider))
#9 /Users/songyongqiang/works/php/demo/backend-api-skeleton/vendor/laravel/lumen-framework/src/Application.php(334): Laravel\Lumen\Application->loadComponent('database', Array, 'db')
#10 /Users/songyongqiang/works/php/demo/backend-api-skeleton/vendor/illuminate/container/Container.php(749): Laravel\Lumen\Application->Laravel\Lumen\{closure}(Object(Laravel\Lumen\Application), Array)
#11 /Users/songyongqiang/works/php/demo/backend-api-skeleton/vendor/illuminate/container/Container.php(631): Illuminate\Container\Container->build(Object(Closure))
#12 /Users/songyongqiang/works/php/demo/backend-api-skeleton/vendor/illuminate/container/Container.php(586): Illuminate\Container\Container->resolve('db', Array)
#13 /Users/songyongqiang/works/php/demo/backend-api-skeleton/vendor/laravel/lumen-framework/src/Application.php(230): Illuminate\Container\Container->make('db', Array)
#14 /Users/songyongqiang/works/php/demo/backend-api-skeleton/vendor/laravel/lumen-framework/src/Application.php(698): Laravel\Lumen\Application->make('db')
#15 /Users/songyongqiang/works/php/demo/backend-api-skeleton/bootstrap/app.php(36): Laravel\Lumen\Application->withEloquent()
#16 /Users/songyongqiang/works/php/demo/backend-api-skeleton/artisan(18): require('/Users/songyong...')
#17 {main}  
